LOG [Compiler/Compile]: Include Files
LOG [PreCompile/IncludeFiles Include]: include "$lib/base"
LOG [PreCompile/IncludeFiles Path]: D:\Projects\Console\Qlang\bin\Debug\net9.0\lib\base
LOG [PreCompile/IncludeFiles Path]: D:\Projects\Console\Qlang\bin\Debug\net9.0\lib\base\console.ql
LOG [PreCompile/IncludeFiles Path]: D:\Projects\Console\Qlang\bin\Debug\net9.0\lib\base\include.ql
LOG [PreCompile/IncludeFiles Path]: D:\Projects\Console\Qlang\bin\Debug\net9.0\lib\base\parser.ql
LOG [PreCompile/IncludeFiles Path]: D:\Projects\Console\Qlang\bin\Debug\net9.0\lib\base\throw.ql
LOG [PreCompile/IncludeFiles Include]: include "$lib/base/datatypes", include "$lib/base/datetime"
LOG [PreCompile/IncludeFiles Path]: D:\Projects\Console\Qlang\bin\Debug\net9.0\lib\base\datatypes
LOG [PreCompile/IncludeFiles Path]: D:\Projects\Console\Qlang\bin\Debug\net9.0\lib\base\datatypes\array.ql
LOG [PreCompile/IncludeFiles Path]: D:\Projects\Console\Qlang\bin\Debug\net9.0\lib\base\datatypes\dictionary.ql
LOG [PreCompile/IncludeFiles Path]: D:\Projects\Console\Qlang\bin\Debug\net9.0\lib\base\datatypes\include.ql
LOG [PreCompile/IncludeFiles Path]: D:\Projects\Console\Qlang\bin\Debug\net9.0\lib\base\datatypes\number.ql
LOG [PreCompile/IncludeFiles Path]: D:\Projects\Console\Qlang\bin\Debug\net9.0\lib\base\datatypes\string.ql
LOG [PreCompile/IncludeFiles Include]: include "$lib/base", include "$lib/base/datatypes/advanced"
LOG [PreCompile/IncludeFiles Path]: D:\Projects\Console\Qlang\bin\Debug\net9.0\lib\base
WARN [PreCompile/IncludeFiles Skipped (already included)]: D:\Projects\Console\Qlang\bin\Debug\net9.0\lib\base
LOG [PreCompile/IncludeFiles Path]: D:\Projects\Console\Qlang\bin\Debug\net9.0\lib\base\datatypes\advanced
LOG [PreCompile/IncludeFiles Path]: D:\Projects\Console\Qlang\bin\Debug\net9.0\lib\base\datatypes\advanced\vector2.ql
LOG [PreCompile/IncludeFiles Path]: D:\Projects\Console\Qlang\bin\Debug\net9.0\lib\base\datetime
LOG [PreCompile/IncludeFiles Path]: D:\Projects\Console\Qlang\bin\Debug\net9.0\lib\base\datetime\time.ql
SUCC [QLang/Compile]: All includes processed successfully.
SUCC [Compiler/Compile]: Clear Comments
LOG [<>c/<ClearComments>b__4_0]: comment='// Class to make operations with console'
LOG [<>c/<ClearComments>b__4_0]: comment='// Print text to console'
LOG [<>c/<ClearComments>b__4_0]: comment='// Print text to console with new line'
LOG [<>c/<ClearComments>b__4_0]: comment='// Read line from console'
LOG [<>c/<ClearComments>b__4_0]: comment='// Clear console'
LOG [<>c/<ClearComments>b__4_0]: comment='// Set cursor position in console'
LOG [<>c/<ClearComments>b__4_0]: comment='// Set foreground color for console'
LOG [<>c/<ClearComments>b__4_0]: comment='// Set background color for console'
LOG [<>c/<ClearComments>b__4_0]: comment='// Set default colors for console'
LOG [<>c/<ClearComments>b__4_0]: comment='// Class to throw exceptions'
LOG [<>c/<ClearComments>b__4_0]: comment='// Throw default exception'
LOG [<>c/<ClearComments>b__4_0]: comment='// Thow exception if function is not implement'
LOG [<>c/<ClearComments>b__4_0]: comment='// Thow exception when parse error'
LOG [<>c/<ClearComments>b__4_0]: comment='// Dynamic array'
LOG [<>c/<ClearComments>b__4_0]: comment='// Create empty array'
LOG [<>c/<ClearComments>b__4_0]: comment='// Add element'
LOG [<>c/<ClearComments>b__4_0]: comment='// Clear array'
LOG [<>c/<ClearComments>b__4_0]: comment='// Get at index'
LOG [<>c/<ClearComments>b__4_0]: comment='// Set at index'
LOG [<>c/<ClearComments>b__4_0]: comment='// Remove at index'
LOG [<>c/<ClearComments>b__4_0]: comment='// Get index of item'
LOG [<>c/<ClearComments>b__4_0]: comment='// Get length'
LOG [<>c/<ClearComments>b__4_0]: comment='// Full static class'
LOG [<>c/<ClearComments>b__4_0]: comment='// Class to make operations with numbers'
LOG [<>c/<ClearComments>b__4_0]: comment='// used string because of number structure with E+'
LOG [<>c/<ClearComments>b__4_0]: comment='// check if 'var' is number'
LOG [<>c/<ClearComments>b__4_0]: comment='// get random number with range 'min' to 'max''
LOG [<>c/<ClearComments>b__4_0]: comment='// Convert '3.42...' to '3''
LOG [<>c/<ClearComments>b__4_0]: comment='// Get int styled number ('3.421' to '3')'
LOG [<>c/<ClearComments>b__4_0]: comment='// Change numeric style (ex.: '3.214' to '3.2' with pattern '0.0')'
LOG [<>c/<ClearComments>b__4_0]: comment='// Class to make string operations'
LOG [<>c/<ClearComments>b__4_0]: comment='// Append two strings'
LOG [<>c/<ClearComments>b__4_0]: comment='// Get length of string'
LOG [<>c/<ClearComments>b__4_0]: comment='// Check if string is empty or null'
LOG [<>c/<ClearComments>b__4_0]: comment='// Check if string is white space or null'
LOG [<>c/<ClearComments>b__4_0]: comment='// Trim string'
LOG [<>c/<ClearComments>b__4_0]: comment='// Trim start string'
LOG [<>c/<ClearComments>b__4_0]: comment='// Trim end string'
LOG [<>c/<ClearComments>b__4_0]: comment='// Cut string by 'startPos' and 'length''
SUCC [Compiler/Compile]: Comments cleared successfully
LOG [PreCompile/ExtractStrings]: Extract Strings
LOG [<>c__DisplayClass3_0/<ExtractStrings>b__0]: key='___STRING_0___', value='Result of 5 * 5 + 5: '
LOG [<>c__DisplayClass3_0/<ExtractStrings>b__0]: key='___STRING_1___', value='Result of 5 * (5 + 5): '
LOG [<>c__DisplayClass3_0/<ExtractStrings>b__0]: key='___STRING_2___', value='cmd_write'
LOG [<>c__DisplayClass3_0/<ExtractStrings>b__0]: key='___STRING_3___', value='cmd_write'
LOG [<>c__DisplayClass3_0/<ExtractStrings>b__0]: key='___STRING_4___', value='\n'
LOG [<>c__DisplayClass3_0/<ExtractStrings>b__0]: key='___STRING_5___', value='cmd_read'
LOG [<>c__DisplayClass3_0/<ExtractStrings>b__0]: key='___STRING_6___', value='cmd_key'
LOG [<>c__DisplayClass3_0/<ExtractStrings>b__0]: key='___STRING_7___', value='cmd_key_available'
LOG [<>c__DisplayClass3_0/<ExtractStrings>b__0]: key='___STRING_8___', value='cmd_cursor_visible'
LOG [<>c__DisplayClass3_0/<ExtractStrings>b__0]: key='___STRING_9___', value='cmd_clear'
LOG [<>c__DisplayClass3_0/<ExtractStrings>b__0]: key='___STRING_10___', value='cmd_cursor_position'
LOG [<>c__DisplayClass3_0/<ExtractStrings>b__0]: key='___STRING_11___', value='cmd_fcolor'
LOG [<>c__DisplayClass3_0/<ExtractStrings>b__0]: key='___STRING_12___', value='cmd_bcolor'
LOG [<>c__DisplayClass3_0/<ExtractStrings>b__0]: key='___STRING_13___', value='cmd_reset_colors'
LOG [<>c__DisplayClass3_0/<ExtractStrings>b__0]: key='___STRING_14___', value='parse_int'
LOG [<>c__DisplayClass3_0/<ExtractStrings>b__0]: key='___STRING_15___', value='parse_float'
LOG [<>c__DisplayClass3_0/<ExtractStrings>b__0]: key='___STRING_16___', value='parse_string'
LOG [<>c__DisplayClass3_0/<ExtractStrings>b__0]: key='___STRING_17___', value='parse_number'
LOG [<>c__DisplayClass3_0/<ExtractStrings>b__0]: key='___STRING_18___', value='exception'
LOG [<>c__DisplayClass3_0/<ExtractStrings>b__0]: key='___STRING_19___', value='This function or object is not implement'
LOG [<>c__DisplayClass3_0/<ExtractStrings>b__0]: key='___STRING_20___', value='Parse error: '
LOG [<>c__DisplayClass3_0/<ExtractStrings>b__0]: key='___STRING_21___', value='list_create'
LOG [<>c__DisplayClass3_0/<ExtractStrings>b__0]: key='___STRING_22___', value='argument is not collection'
LOG [<>c__DisplayClass3_0/<ExtractStrings>b__0]: key='___STRING_23___', value='list_is'
LOG [<>c__DisplayClass3_0/<ExtractStrings>b__0]: key='___STRING_24___', value='list_contains'
LOG [<>c__DisplayClass3_0/<ExtractStrings>b__0]: key='___STRING_25___', value='list_add'
LOG [<>c__DisplayClass3_0/<ExtractStrings>b__0]: key='___STRING_26___', value='list_clear'
LOG [<>c__DisplayClass3_0/<ExtractStrings>b__0]: key='___STRING_27___', value='index is not number'
LOG [<>c__DisplayClass3_0/<ExtractStrings>b__0]: key='___STRING_28___', value='list_get'
LOG [<>c__DisplayClass3_0/<ExtractStrings>b__0]: key='___STRING_29___', value='index is not number'
LOG [<>c__DisplayClass3_0/<ExtractStrings>b__0]: key='___STRING_30___', value='list_set'
LOG [<>c__DisplayClass3_0/<ExtractStrings>b__0]: key='___STRING_31___', value='index is not number'
LOG [<>c__DisplayClass3_0/<ExtractStrings>b__0]: key='___STRING_32___', value='list_insert'
LOG [<>c__DisplayClass3_0/<ExtractStrings>b__0]: key='___STRING_33___', value='index is not number'
LOG [<>c__DisplayClass3_0/<ExtractStrings>b__0]: key='___STRING_34___', value='list_remove_at'
LOG [<>c__DisplayClass3_0/<ExtractStrings>b__0]: key='___STRING_35___', value='list_index_of'
LOG [<>c__DisplayClass3_0/<ExtractStrings>b__0]: key='___STRING_36___', value='list_count'
LOG [<>c__DisplayClass3_0/<ExtractStrings>b__0]: key='___STRING_37___', value='Dictionary'
LOG [<>c__DisplayClass3_0/<ExtractStrings>b__0]: key='___STRING_38___', value='Key is not existent in dictionary'
LOG [<>c__DisplayClass3_0/<ExtractStrings>b__0]: key='___STRING_39___', value='-1.7976931348623157E+308'
LOG [<>c__DisplayClass3_0/<ExtractStrings>b__0]: key='___STRING_40___', value='1.7976931348623157E+308'
LOG [<>c__DisplayClass3_0/<ExtractStrings>b__0]: key='___STRING_41___', value='try_parse_number'
LOG [<>c__DisplayClass3_0/<ExtractStrings>b__0]: key='___STRING_42___', value='One or two input is not a number'
LOG [<>c__DisplayClass3_0/<ExtractStrings>b__0]: key='___STRING_43___', value='Minimum can't be more than maximum'
LOG [<>c__DisplayClass3_0/<ExtractStrings>b__0]: key='___STRING_44___', value='random'
LOG [<>c__DisplayClass3_0/<ExtractStrings>b__0]: key='___STRING_45___', value='0'
LOG [<>c__DisplayClass3_0/<ExtractStrings>b__0]: key='___STRING_46___', value='to_string_number'
LOG [<>c__DisplayClass3_0/<ExtractStrings>b__0]: key='___STRING_47___', value=''
LOG [<>c__DisplayClass3_0/<ExtractStrings>b__0]: key='___STRING_48___', value='argument is not collection'
LOG [<>c__DisplayClass3_0/<ExtractStrings>b__0]: key='___STRING_49___', value=''
LOG [<>c__DisplayClass3_0/<ExtractStrings>b__0]: key='___STRING_50___', value='str_length'
LOG [<>c__DisplayClass3_0/<ExtractStrings>b__0]: key='___STRING_51___', value='str_null_or_empty'
LOG [<>c__DisplayClass3_0/<ExtractStrings>b__0]: key='___STRING_52___', value='str_null_or_white_space'
LOG [<>c__DisplayClass3_0/<ExtractStrings>b__0]: key='___STRING_53___', value='str_trim'
LOG [<>c__DisplayClass3_0/<ExtractStrings>b__0]: key='___STRING_54___', value='str_trim_start'
LOG [<>c__DisplayClass3_0/<ExtractStrings>b__0]: key='___STRING_55___', value='str_trim_end'
LOG [<>c__DisplayClass3_0/<ExtractStrings>b__0]: key='___STRING_56___', value='subString error: startPos must be number'
LOG [<>c__DisplayClass3_0/<ExtractStrings>b__0]: key='___STRING_57___', value='subString error: length must be number'
LOG [<>c__DisplayClass3_0/<ExtractStrings>b__0]: key='___STRING_58___', value='str_sub_string'
LOG [<>c__DisplayClass3_0/<ExtractStrings>b__0]: key='___STRING_59___', value='X: '
LOG [<>c__DisplayClass3_0/<ExtractStrings>b__0]: key='___STRING_60___', value=', Y: '
LOG [<>c__DisplayClass3_0/<ExtractStrings>b__0]: key='___STRING_61___', value='argument 'milliseconds' is not a number'
LOG [<>c__DisplayClass3_0/<ExtractStrings>b__0]: key='___STRING_62___', value='time_wait'
SUCC [Compiler/Compile]: Strings extracted successfully
WARN [Compiler/Compile]: Extract Numbers
WARN [<>c/<Replace>b__99_0]: key='___NUMBER_0___', value='5'
WARN [<>c/<Replace>b__99_0]: key='___NUMBER_1___', value='5'
WARN [<>c/<Replace>b__99_0]: key='___NUMBER_2___', value='5'
WARN [<>c/<Replace>b__99_0]: key='___NUMBER_3___', value='5'
WARN [<>c/<Replace>b__99_0]: key='___NUMBER_4___', value='5'
WARN [<>c/<Replace>b__99_0]: key='___NUMBER_5___', value='5'
WARN [<>c/<Replace>b__99_0]: key='___NUMBER_6___', value='0'
WARN [<>c/<Replace>b__99_0]: key='___NUMBER_7___', value='1'
WARN [Compiler/Compile]: Numbers extracted successfully
