LOG [Compiler/Compile]: Include Files
LOG [PreCompile/IncludeFiles IncludeFiles]: File: C:\Users\sotok\Documents\Робочий Стіл\Estagio\Qlang\out\projectexample\main.ql
LOG [PreCompile/IncludeFiles include]: (include "$lib/core", 1), (include "$lib/base", 2)
LOG [PreCompile/IncludeFiles Path]: C:\Users\sotok\Documents\Робочий Стіл\Estagio\Qlang\out\lib\core
LOG [PreCompile/IncludeFiles Path]: C:\Users\sotok\Documents\Робочий Стіл\Estagio\Qlang\out\lib\core\array.ql
LOG [PreCompile/IncludeFiles IncludeFiles]: File: C:\Users\sotok\Documents\Робочий Стіл\Estagio\Qlang\out\lib\core\array.ql
LOG [PreCompile/IncludeFiles include]: (include "$lib/core", 1)
LOG [PreCompile/IncludeFiles Path]: C:\Users\sotok\Documents\Робочий Стіл\Estagio\Qlang\out\lib\core
LOG [PreCompile/IncludeFiles Path]: C:\Users\sotok\Documents\Робочий Стіл\Estagio\Qlang\out\lib\core\array.ql
WARN [PreCompile/IncludeFiles Skipped (already included)]: C:\Users\sotok\Documents\Робочий Стіл\Estagio\Qlang\out\lib\core\array.ql
LOG [PreCompile/IncludeFiles Path]: C:\Users\sotok\Documents\Робочий Стіл\Estagio\Qlang\out\lib\core\dictionary.ql
LOG [PreCompile/IncludeFiles IncludeFiles]: File: C:\Users\sotok\Documents\Робочий Стіл\Estagio\Qlang\out\lib\core\dictionary.ql
LOG [PreCompile/IncludeFiles include]: (include "$lib/core", 1)
LOG [PreCompile/IncludeFiles Path]: C:\Users\sotok\Documents\Робочий Стіл\Estagio\Qlang\out\lib\core
LOG [PreCompile/IncludeFiles Path]: C:\Users\sotok\Documents\Робочий Стіл\Estagio\Qlang\out\lib\core\array.ql
WARN [PreCompile/IncludeFiles Skipped (already included)]: C:\Users\sotok\Documents\Робочий Стіл\Estagio\Qlang\out\lib\core\array.ql
LOG [PreCompile/IncludeFiles Path]: C:\Users\sotok\Documents\Робочий Стіл\Estagio\Qlang\out\lib\core\dictionary.ql
WARN [PreCompile/IncludeFiles Skipped (already included)]: C:\Users\sotok\Documents\Робочий Стіл\Estagio\Qlang\out\lib\core\dictionary.ql
LOG [PreCompile/IncludeFiles Path]: C:\Users\sotok\Documents\Робочий Стіл\Estagio\Qlang\out\lib\core\number.ql
LOG [PreCompile/IncludeFiles IncludeFiles]: File: C:\Users\sotok\Documents\Робочий Стіл\Estagio\Qlang\out\lib\core\number.ql
LOG [PreCompile/IncludeFiles include]: (include "$lib/core", 1)
LOG [PreCompile/IncludeFiles Path]: C:\Users\sotok\Documents\Робочий Стіл\Estagio\Qlang\out\lib\core
LOG [PreCompile/IncludeFiles Path]: C:\Users\sotok\Documents\Робочий Стіл\Estagio\Qlang\out\lib\core\array.ql
WARN [PreCompile/IncludeFiles Skipped (already included)]: C:\Users\sotok\Documents\Робочий Стіл\Estagio\Qlang\out\lib\core\array.ql
LOG [PreCompile/IncludeFiles Path]: C:\Users\sotok\Documents\Робочий Стіл\Estagio\Qlang\out\lib\core\dictionary.ql
WARN [PreCompile/IncludeFiles Skipped (already included)]: C:\Users\sotok\Documents\Робочий Стіл\Estagio\Qlang\out\lib\core\dictionary.ql
LOG [PreCompile/IncludeFiles Path]: C:\Users\sotok\Documents\Робочий Стіл\Estagio\Qlang\out\lib\core\number.ql
WARN [PreCompile/IncludeFiles Skipped (already included)]: C:\Users\sotok\Documents\Робочий Стіл\Estagio\Qlang\out\lib\core\number.ql
LOG [PreCompile/IncludeFiles Path]: C:\Users\sotok\Documents\Робочий Стіл\Estagio\Qlang\out\lib\core\object.ql
LOG [PreCompile/IncludeFiles IncludeFiles]: File: C:\Users\sotok\Documents\Робочий Стіл\Estagio\Qlang\out\lib\core\object.ql
LOG [PreCompile/IncludeFiles include]: (include "$lib/core", 1)
LOG [PreCompile/IncludeFiles Path]: C:\Users\sotok\Documents\Робочий Стіл\Estagio\Qlang\out\lib\core
LOG [PreCompile/IncludeFiles Path]: C:\Users\sotok\Documents\Робочий Стіл\Estagio\Qlang\out\lib\core\array.ql
WARN [PreCompile/IncludeFiles Skipped (already included)]: C:\Users\sotok\Documents\Робочий Стіл\Estagio\Qlang\out\lib\core\array.ql
LOG [PreCompile/IncludeFiles Path]: C:\Users\sotok\Documents\Робочий Стіл\Estagio\Qlang\out\lib\core\dictionary.ql
WARN [PreCompile/IncludeFiles Skipped (already included)]: C:\Users\sotok\Documents\Робочий Стіл\Estagio\Qlang\out\lib\core\dictionary.ql
LOG [PreCompile/IncludeFiles Path]: C:\Users\sotok\Documents\Робочий Стіл\Estagio\Qlang\out\lib\core\number.ql
WARN [PreCompile/IncludeFiles Skipped (already included)]: C:\Users\sotok\Documents\Робочий Стіл\Estagio\Qlang\out\lib\core\number.ql
LOG [PreCompile/IncludeFiles Path]: C:\Users\sotok\Documents\Робочий Стіл\Estagio\Qlang\out\lib\core\object.ql
WARN [PreCompile/IncludeFiles Skipped (already included)]: C:\Users\sotok\Documents\Робочий Стіл\Estagio\Qlang\out\lib\core\object.ql
LOG [PreCompile/IncludeFiles Path]: C:\Users\sotok\Documents\Робочий Стіл\Estagio\Qlang\out\lib\core\string.ql
LOG [PreCompile/IncludeFiles IncludeFiles]: File: C:\Users\sotok\Documents\Робочий Стіл\Estagio\Qlang\out\lib\core\string.ql
LOG [PreCompile/IncludeFiles include]: (include "$lib/core", 1)
LOG [PreCompile/IncludeFiles Path]: C:\Users\sotok\Documents\Робочий Стіл\Estagio\Qlang\out\lib\core
LOG [PreCompile/IncludeFiles Path]: C:\Users\sotok\Documents\Робочий Стіл\Estagio\Qlang\out\lib\core\array.ql
WARN [PreCompile/IncludeFiles Skipped (already included)]: C:\Users\sotok\Documents\Робочий Стіл\Estagio\Qlang\out\lib\core\array.ql
LOG [PreCompile/IncludeFiles Path]: C:\Users\sotok\Documents\Робочий Стіл\Estagio\Qlang\out\lib\core\dictionary.ql
WARN [PreCompile/IncludeFiles Skipped (already included)]: C:\Users\sotok\Documents\Робочий Стіл\Estagio\Qlang\out\lib\core\dictionary.ql
LOG [PreCompile/IncludeFiles Path]: C:\Users\sotok\Documents\Робочий Стіл\Estagio\Qlang\out\lib\core\number.ql
WARN [PreCompile/IncludeFiles Skipped (already included)]: C:\Users\sotok\Documents\Робочий Стіл\Estagio\Qlang\out\lib\core\number.ql
LOG [PreCompile/IncludeFiles Path]: C:\Users\sotok\Documents\Робочий Стіл\Estagio\Qlang\out\lib\core\object.ql
WARN [PreCompile/IncludeFiles Skipped (already included)]: C:\Users\sotok\Documents\Робочий Стіл\Estagio\Qlang\out\lib\core\object.ql
LOG [PreCompile/IncludeFiles Path]: C:\Users\sotok\Documents\Робочий Стіл\Estagio\Qlang\out\lib\core\string.ql
WARN [PreCompile/IncludeFiles Skipped (already included)]: C:\Users\sotok\Documents\Робочий Стіл\Estagio\Qlang\out\lib\core\string.ql
LOG [PreCompile/IncludeFiles Path]: C:\Users\sotok\Documents\Робочий Стіл\Estagio\Qlang\out\lib\core\string.ql
WARN [PreCompile/IncludeFiles Skipped (already included)]: C:\Users\sotok\Documents\Робочий Стіл\Estagio\Qlang\out\lib\core\string.ql
LOG [PreCompile/IncludeFiles Path]: C:\Users\sotok\Documents\Робочий Стіл\Estagio\Qlang\out\lib\core\object.ql
WARN [PreCompile/IncludeFiles Skipped (already included)]: C:\Users\sotok\Documents\Робочий Стіл\Estagio\Qlang\out\lib\core\object.ql
LOG [PreCompile/IncludeFiles Path]: C:\Users\sotok\Documents\Робочий Стіл\Estagio\Qlang\out\lib\core\string.ql
WARN [PreCompile/IncludeFiles Skipped (already included)]: C:\Users\sotok\Documents\Робочий Стіл\Estagio\Qlang\out\lib\core\string.ql
LOG [PreCompile/IncludeFiles Path]: C:\Users\sotok\Documents\Робочий Стіл\Estagio\Qlang\out\lib\core\number.ql
WARN [PreCompile/IncludeFiles Skipped (already included)]: C:\Users\sotok\Documents\Робочий Стіл\Estagio\Qlang\out\lib\core\number.ql
LOG [PreCompile/IncludeFiles Path]: C:\Users\sotok\Documents\Робочий Стіл\Estagio\Qlang\out\lib\core\object.ql
WARN [PreCompile/IncludeFiles Skipped (already included)]: C:\Users\sotok\Documents\Робочий Стіл\Estagio\Qlang\out\lib\core\object.ql
LOG [PreCompile/IncludeFiles Path]: C:\Users\sotok\Documents\Робочий Стіл\Estagio\Qlang\out\lib\core\string.ql
WARN [PreCompile/IncludeFiles Skipped (already included)]: C:\Users\sotok\Documents\Робочий Стіл\Estagio\Qlang\out\lib\core\string.ql
LOG [PreCompile/IncludeFiles Path]: C:\Users\sotok\Documents\Робочий Стіл\Estagio\Qlang\out\lib\core\dictionary.ql
WARN [Compiler/Compile Skipped (already included)]: C:\Users\sotok\Documents\Робочий Стіл\Estagio\Qlang\out\lib\core\dictionary.ql
LOG [PreCompile/IncludeFiles Path]: C:\Users\sotok\Documents\Робочий Стіл\Estagio\Qlang\out\lib\core\number.ql
WARN [Compiler/Compile Skipped (already included)]: C:\Users\sotok\Documents\Робочий Стіл\Estagio\Qlang\out\lib\core\number.ql
LOG [PreCompile/IncludeFiles Path]: C:\Users\sotok\Documents\Робочий Стіл\Estagio\Qlang\out\lib\core\object.ql
WARN [Compiler/Compile Skipped (already included)]: C:\Users\sotok\Documents\Робочий Стіл\Estagio\Qlang\out\lib\core\object.ql
LOG [PreCompile/IncludeFiles Path]: C:\Users\sotok\Documents\Робочий Стіл\Estagio\Qlang\out\lib\core\string.ql
WARN [Compiler/Compile Skipped (already included)]: C:\Users\sotok\Documents\Робочий Стіл\Estagio\Qlang\out\lib\core\string.ql
LOG [PreCompile/IncludeFiles Path]: C:\Users\sotok\Documents\Робочий Стіл\Estagio\Qlang\out\lib\base
LOG [PreCompile/IncludeFiles Path]: C:\Users\sotok\Documents\Робочий Стіл\Estagio\Qlang\out\lib\base\console.ql
LOG [PreCompile/IncludeFiles IncludeFiles]: File: C:\Users\sotok\Documents\Робочий Стіл\Estagio\Qlang\out\lib\base\console.ql
LOG [PreCompile/IncludeFiles include]: (include "$lib/base", 1), (include "$lib/core", 2), (include "$lib/meta", 3)
LOG [PreCompile/IncludeFiles Path]: C:\Users\sotok\Documents\Робочий Стіл\Estagio\Qlang\out\lib\base
LOG [PreCompile/IncludeFiles Path]: C:\Users\sotok\Documents\Робочий Стіл\Estagio\Qlang\out\lib\base\console.ql
WARN [PreCompile/IncludeFiles Skipped (already included)]: C:\Users\sotok\Documents\Робочий Стіл\Estagio\Qlang\out\lib\base\console.ql
LOG [PreCompile/IncludeFiles Path]: C:\Users\sotok\Documents\Робочий Стіл\Estagio\Qlang\out\lib\base\include.ql
LOG [PreCompile/IncludeFiles IncludeFiles]: File: C:\Users\sotok\Documents\Робочий Стіл\Estagio\Qlang\out\lib\base\include.ql
LOG [PreCompile/IncludeFiles include]: (include "$lib/base/vectors", 1), (include "$lib/base/datetime", 2)
LOG [PreCompile/IncludeFiles Path]: C:\Users\sotok\Documents\Робочий Стіл\Estagio\Qlang\out\lib\base\vectors
LOG [PreCompile/IncludeFiles Path]: C:\Users\sotok\Documents\Робочий Стіл\Estagio\Qlang\out\lib\base\vectors\vector2.ql
LOG [PreCompile/IncludeFiles IncludeFiles]: File: C:\Users\sotok\Documents\Робочий Стіл\Estagio\Qlang\out\lib\base\vectors\vector2.ql
LOG [PreCompile/IncludeFiles include]: (include "$lib/base", 1), (include "$lib/core", 2)
LOG [PreCompile/IncludeFiles Path]: C:\Users\sotok\Documents\Робочий Стіл\Estagio\Qlang\out\lib\base
LOG [PreCompile/IncludeFiles Path]: C:\Users\sotok\Documents\Робочий Стіл\Estagio\Qlang\out\lib\base\console.ql
WARN [PreCompile/IncludeFiles Skipped (already included)]: C:\Users\sotok\Documents\Робочий Стіл\Estagio\Qlang\out\lib\base\console.ql
LOG [PreCompile/IncludeFiles Path]: C:\Users\sotok\Documents\Робочий Стіл\Estagio\Qlang\out\lib\base\include.ql
WARN [PreCompile/IncludeFiles Skipped (already included)]: C:\Users\sotok\Documents\Робочий Стіл\Estagio\Qlang\out\lib\base\include.ql
LOG [PreCompile/IncludeFiles Path]: C:\Users\sotok\Documents\Робочий Стіл\Estagio\Qlang\out\lib\base\math.ql
LOG [PreCompile/IncludeFiles IncludeFiles]: File: C:\Users\sotok\Documents\Робочий Стіл\Estagio\Qlang\out\lib\base\math.ql
LOG [PreCompile/IncludeFiles include]: (include "$lib/base", 1), (include "$lib/core", 2)
LOG [PreCompile/IncludeFiles Path]: C:\Users\sotok\Documents\Робочий Стіл\Estagio\Qlang\out\lib\base
LOG [PreCompile/IncludeFiles Path]: C:\Users\sotok\Documents\Робочий Стіл\Estagio\Qlang\out\lib\base\console.ql
WARN [PreCompile/IncludeFiles Skipped (already included)]: C:\Users\sotok\Documents\Робочий Стіл\Estagio\Qlang\out\lib\base\console.ql
LOG [PreCompile/IncludeFiles Path]: C:\Users\sotok\Documents\Робочий Стіл\Estagio\Qlang\out\lib\base\include.ql
WARN [PreCompile/IncludeFiles Skipped (already included)]: C:\Users\sotok\Documents\Робочий Стіл\Estagio\Qlang\out\lib\base\include.ql
LOG [PreCompile/IncludeFiles Path]: C:\Users\sotok\Documents\Робочий Стіл\Estagio\Qlang\out\lib\base\math.ql
WARN [PreCompile/IncludeFiles Skipped (already included)]: C:\Users\sotok\Documents\Робочий Стіл\Estagio\Qlang\out\lib\base\math.ql
LOG [PreCompile/IncludeFiles Path]: C:\Users\sotok\Documents\Робочий Стіл\Estagio\Qlang\out\lib\base\parser.ql
LOG [PreCompile/IncludeFiles IncludeFiles]: File: C:\Users\sotok\Documents\Робочий Стіл\Estagio\Qlang\out\lib\base\parser.ql
LOG [PreCompile/IncludeFiles include]: (include "$lib/base", 1), (include "$lib/core", 2)
LOG [PreCompile/IncludeFiles Path]: C:\Users\sotok\Documents\Робочий Стіл\Estagio\Qlang\out\lib\base
LOG [PreCompile/IncludeFiles Path]: C:\Users\sotok\Documents\Робочий Стіл\Estagio\Qlang\out\lib\base\console.ql
WARN [PreCompile/IncludeFiles Skipped (already included)]: C:\Users\sotok\Documents\Робочий Стіл\Estagio\Qlang\out\lib\base\console.ql
LOG [PreCompile/IncludeFiles Path]: C:\Users\sotok\Documents\Робочий Стіл\Estagio\Qlang\out\lib\base\include.ql
WARN [PreCompile/IncludeFiles Skipped (already included)]: C:\Users\sotok\Documents\Робочий Стіл\Estagio\Qlang\out\lib\base\include.ql
LOG [PreCompile/IncludeFiles Path]: C:\Users\sotok\Documents\Робочий Стіл\Estagio\Qlang\out\lib\base\math.ql
WARN [PreCompile/IncludeFiles Skipped (already included)]: C:\Users\sotok\Documents\Робочий Стіл\Estagio\Qlang\out\lib\base\math.ql
LOG [PreCompile/IncludeFiles Path]: C:\Users\sotok\Documents\Робочий Стіл\Estagio\Qlang\out\lib\base\parser.ql
WARN [PreCompile/IncludeFiles Skipped (already included)]: C:\Users\sotok\Documents\Робочий Стіл\Estagio\Qlang\out\lib\base\parser.ql
LOG [PreCompile/IncludeFiles Path]: C:\Users\sotok\Documents\Робочий Стіл\Estagio\Qlang\out\lib\base\regex.ql
LOG [PreCompile/IncludeFiles IncludeFiles]: File: C:\Users\sotok\Documents\Робочий Стіл\Estagio\Qlang\out\lib\base\regex.ql
LOG [PreCompile/IncludeFiles include]: (include "$lib/base", 1), (include "$lib/core", 2)
LOG [PreCompile/IncludeFiles Path]: C:\Users\sotok\Documents\Робочий Стіл\Estagio\Qlang\out\lib\base
LOG [PreCompile/IncludeFiles Path]: C:\Users\sotok\Documents\Робочий Стіл\Estagio\Qlang\out\lib\base\console.ql
WARN [PreCompile/IncludeFiles Skipped (already included)]: C:\Users\sotok\Documents\Робочий Стіл\Estagio\Qlang\out\lib\base\console.ql
LOG [PreCompile/IncludeFiles Path]: C:\Users\sotok\Documents\Робочий Стіл\Estagio\Qlang\out\lib\base\include.ql
WARN [PreCompile/IncludeFiles Skipped (already included)]: C:\Users\sotok\Documents\Робочий Стіл\Estagio\Qlang\out\lib\base\include.ql
LOG [PreCompile/IncludeFiles Path]: C:\Users\sotok\Documents\Робочий Стіл\Estagio\Qlang\out\lib\base\math.ql
WARN [PreCompile/IncludeFiles Skipped (already included)]: C:\Users\sotok\Documents\Робочий Стіл\Estagio\Qlang\out\lib\base\math.ql
LOG [PreCompile/IncludeFiles Path]: C:\Users\sotok\Documents\Робочий Стіл\Estagio\Qlang\out\lib\base\parser.ql
WARN [PreCompile/IncludeFiles Skipped (already included)]: C:\Users\sotok\Documents\Робочий Стіл\Estagio\Qlang\out\lib\base\parser.ql
LOG [PreCompile/IncludeFiles Path]: C:\Users\sotok\Documents\Робочий Стіл\Estagio\Qlang\out\lib\base\regex.ql
WARN [PreCompile/IncludeFiles Skipped (already included)]: C:\Users\sotok\Documents\Робочий Стіл\Estagio\Qlang\out\lib\base\regex.ql
LOG [PreCompile/IncludeFiles Path]: C:\Users\sotok\Documents\Робочий Стіл\Estagio\Qlang\out\lib\base\throw.ql
LOG [PreCompile/IncludeFiles IncludeFiles]: File: C:\Users\sotok\Documents\Робочий Стіл\Estagio\Qlang\out\lib\base\throw.ql
LOG [PreCompile/IncludeFiles include]: (include "$lib/base", 1), (include "$lib/core", 2)
LOG [PreCompile/IncludeFiles Path]: C:\Users\sotok\Documents\Робочий Стіл\Estagio\Qlang\out\lib\base
LOG [PreCompile/IncludeFiles Path]: C:\Users\sotok\Documents\Робочий Стіл\Estagio\Qlang\out\lib\base\console.ql
WARN [PreCompile/IncludeFiles Skipped (already included)]: C:\Users\sotok\Documents\Робочий Стіл\Estagio\Qlang\out\lib\base\console.ql
LOG [PreCompile/IncludeFiles Path]: C:\Users\sotok\Documents\Робочий Стіл\Estagio\Qlang\out\lib\base\include.ql
WARN [PreCompile/IncludeFiles Skipped (already included)]: C:\Users\sotok\Documents\Робочий Стіл\Estagio\Qlang\out\lib\base\include.ql
LOG [PreCompile/IncludeFiles Path]: C:\Users\sotok\Documents\Робочий Стіл\Estagio\Qlang\out\lib\base\math.ql
WARN [PreCompile/IncludeFiles Skipped (already included)]: C:\Users\sotok\Documents\Робочий Стіл\Estagio\Qlang\out\lib\base\math.ql
LOG [PreCompile/IncludeFiles Path]: C:\Users\sotok\Documents\Робочий Стіл\Estagio\Qlang\out\lib\base\parser.ql
WARN [PreCompile/IncludeFiles Skipped (already included)]: C:\Users\sotok\Documents\Робочий Стіл\Estagio\Qlang\out\lib\base\parser.ql
LOG [PreCompile/IncludeFiles Path]: C:\Users\sotok\Documents\Робочий Стіл\Estagio\Qlang\out\lib\base\regex.ql
WARN [PreCompile/IncludeFiles Skipped (already included)]: C:\Users\sotok\Documents\Робочий Стіл\Estagio\Qlang\out\lib\base\regex.ql
LOG [PreCompile/IncludeFiles Path]: C:\Users\sotok\Documents\Робочий Стіл\Estagio\Qlang\out\lib\base\throw.ql
WARN [PreCompile/IncludeFiles Skipped (already included)]: C:\Users\sotok\Documents\Робочий Стіл\Estagio\Qlang\out\lib\base\throw.ql
LOG [PreCompile/IncludeFiles Path]: C:\Users\sotok\Documents\Робочий Стіл\Estagio\Qlang\out\lib\core
LOG [PreCompile/IncludeFiles Path]: C:\Users\sotok\Documents\Робочий Стіл\Estagio\Qlang\out\lib\core\array.ql
WARN [PreCompile/IncludeFiles Skipped (already included)]: C:\Users\sotok\Documents\Робочий Стіл\Estagio\Qlang\out\lib\core\array.ql
LOG [PreCompile/IncludeFiles Path]: C:\Users\sotok\Documents\Робочий Стіл\Estagio\Qlang\out\lib\core\dictionary.ql
WARN [PreCompile/IncludeFiles Skipped (already included)]: C:\Users\sotok\Documents\Робочий Стіл\Estagio\Qlang\out\lib\core\dictionary.ql
LOG [PreCompile/IncludeFiles Path]: C:\Users\sotok\Documents\Робочий Стіл\Estagio\Qlang\out\lib\core\number.ql
WARN [PreCompile/IncludeFiles Skipped (already included)]: C:\Users\sotok\Documents\Робочий Стіл\Estagio\Qlang\out\lib\core\number.ql
LOG [PreCompile/IncludeFiles Path]: C:\Users\sotok\Documents\Робочий Стіл\Estagio\Qlang\out\lib\core\object.ql
WARN [PreCompile/IncludeFiles Skipped (already included)]: C:\Users\sotok\Documents\Робочий Стіл\Estagio\Qlang\out\lib\core\object.ql
LOG [PreCompile/IncludeFiles Path]: C:\Users\sotok\Documents\Робочий Стіл\Estagio\Qlang\out\lib\core\string.ql
WARN [PreCompile/IncludeFiles Skipped (already included)]: C:\Users\sotok\Documents\Робочий Стіл\Estagio\Qlang\out\lib\core\string.ql
LOG [PreCompile/IncludeFiles Path]: C:\Users\sotok\Documents\Робочий Стіл\Estagio\Qlang\out\lib\core
LOG [PreCompile/IncludeFiles Path]: C:\Users\sotok\Documents\Робочий Стіл\Estagio\Qlang\out\lib\core\array.ql
WARN [PreCompile/IncludeFiles Skipped (already included)]: C:\Users\sotok\Documents\Робочий Стіл\Estagio\Qlang\out\lib\core\array.ql
LOG [PreCompile/IncludeFiles Path]: C:\Users\sotok\Documents\Робочий Стіл\Estagio\Qlang\out\lib\core\dictionary.ql
WARN [PreCompile/IncludeFiles Skipped (already included)]: C:\Users\sotok\Documents\Робочий Стіл\Estagio\Qlang\out\lib\core\dictionary.ql
LOG [PreCompile/IncludeFiles Path]: C:\Users\sotok\Documents\Робочий Стіл\Estagio\Qlang\out\lib\core\number.ql
WARN [PreCompile/IncludeFiles Skipped (already included)]: C:\Users\sotok\Documents\Робочий Стіл\Estagio\Qlang\out\lib\core\number.ql
LOG [PreCompile/IncludeFiles Path]: C:\Users\sotok\Documents\Робочий Стіл\Estagio\Qlang\out\lib\core\object.ql
WARN [PreCompile/IncludeFiles Skipped (already included)]: C:\Users\sotok\Documents\Робочий Стіл\Estagio\Qlang\out\lib\core\object.ql
LOG [PreCompile/IncludeFiles Path]: C:\Users\sotok\Documents\Робочий Стіл\Estagio\Qlang\out\lib\core\string.ql
WARN [PreCompile/IncludeFiles Skipped (already included)]: C:\Users\sotok\Documents\Робочий Стіл\Estagio\Qlang\out\lib\core\string.ql
LOG [PreCompile/IncludeFiles Path]: C:\Users\sotok\Documents\Робочий Стіл\Estagio\Qlang\out\lib\base\throw.ql
WARN [PreCompile/IncludeFiles Skipped (already included)]: C:\Users\sotok\Documents\Робочий Стіл\Estagio\Qlang\out\lib\base\throw.ql
LOG [PreCompile/IncludeFiles Path]: C:\Users\sotok\Documents\Робочий Стіл\Estagio\Qlang\out\lib\core
LOG [PreCompile/IncludeFiles Path]: C:\Users\sotok\Documents\Робочий Стіл\Estagio\Qlang\out\lib\core\array.ql
WARN [PreCompile/IncludeFiles Skipped (already included)]: C:\Users\sotok\Documents\Робочий Стіл\Estagio\Qlang\out\lib\core\array.ql
LOG [PreCompile/IncludeFiles Path]: C:\Users\sotok\Documents\Робочий Стіл\Estagio\Qlang\out\lib\core\dictionary.ql
WARN [PreCompile/IncludeFiles Skipped (already included)]: C:\Users\sotok\Documents\Робочий Стіл\Estagio\Qlang\out\lib\core\dictionary.ql
LOG [PreCompile/IncludeFiles Path]: C:\Users\sotok\Documents\Робочий Стіл\Estagio\Qlang\out\lib\core\number.ql
WARN [PreCompile/IncludeFiles Skipped (already included)]: C:\Users\sotok\Documents\Робочий Стіл\Estagio\Qlang\out\lib\core\number.ql
LOG [PreCompile/IncludeFiles Path]: C:\Users\sotok\Documents\Робочий Стіл\Estagio\Qlang\out\lib\core\object.ql
WARN [PreCompile/IncludeFiles Skipped (already included)]: C:\Users\sotok\Documents\Робочий Стіл\Estagio\Qlang\out\lib\core\object.ql
LOG [PreCompile/IncludeFiles Path]: C:\Users\sotok\Documents\Робочий Стіл\Estagio\Qlang\out\lib\core\string.ql
WARN [PreCompile/IncludeFiles Skipped (already included)]: C:\Users\sotok\Documents\Робочий Стіл\Estagio\Qlang\out\lib\core\string.ql
LOG [PreCompile/IncludeFiles Path]: C:\Users\sotok\Documents\Робочий Стіл\Estagio\Qlang\out\lib\base\regex.ql
WARN [PreCompile/IncludeFiles Skipped (already included)]: C:\Users\sotok\Documents\Робочий Стіл\Estagio\Qlang\out\lib\base\regex.ql
LOG [PreCompile/IncludeFiles Path]: C:\Users\sotok\Documents\Робочий Стіл\Estagio\Qlang\out\lib\base\throw.ql
WARN [PreCompile/IncludeFiles Skipped (already included)]: C:\Users\sotok\Documents\Робочий Стіл\Estagio\Qlang\out\lib\base\throw.ql
LOG [PreCompile/IncludeFiles Path]: C:\Users\sotok\Documents\Робочий Стіл\Estagio\Qlang\out\lib\core
LOG [PreCompile/IncludeFiles Path]: C:\Users\sotok\Documents\Робочий Стіл\Estagio\Qlang\out\lib\core\array.ql
WARN [PreCompile/IncludeFiles Skipped (already included)]: C:\Users\sotok\Documents\Робочий Стіл\Estagio\Qlang\out\lib\core\array.ql
LOG [PreCompile/IncludeFiles Path]: C:\Users\sotok\Documents\Робочий Стіл\Estagio\Qlang\out\lib\core\dictionary.ql
WARN [PreCompile/IncludeFiles Skipped (already included)]: C:\Users\sotok\Documents\Робочий Стіл\Estagio\Qlang\out\lib\core\dictionary.ql
LOG [PreCompile/IncludeFiles Path]: C:\Users\sotok\Documents\Робочий Стіл\Estagio\Qlang\out\lib\core\number.ql
WARN [PreCompile/IncludeFiles Skipped (already included)]: C:\Users\sotok\Documents\Робочий Стіл\Estagio\Qlang\out\lib\core\number.ql
LOG [PreCompile/IncludeFiles Path]: C:\Users\sotok\Documents\Робочий Стіл\Estagio\Qlang\out\lib\core\object.ql
WARN [PreCompile/IncludeFiles Skipped (already included)]: C:\Users\sotok\Documents\Робочий Стіл\Estagio\Qlang\out\lib\core\object.ql
LOG [PreCompile/IncludeFiles Path]: C:\Users\sotok\Documents\Робочий Стіл\Estagio\Qlang\out\lib\core\string.ql
WARN [PreCompile/IncludeFiles Skipped (already included)]: C:\Users\sotok\Documents\Робочий Стіл\Estagio\Qlang\out\lib\core\string.ql
LOG [PreCompile/IncludeFiles Path]: C:\Users\sotok\Documents\Робочий Стіл\Estagio\Qlang\out\lib\base\parser.ql
WARN [PreCompile/IncludeFiles Skipped (already included)]: C:\Users\sotok\Documents\Робочий Стіл\Estagio\Qlang\out\lib\base\parser.ql
LOG [PreCompile/IncludeFiles Path]: C:\Users\sotok\Documents\Робочий Стіл\Estagio\Qlang\out\lib\base\regex.ql
WARN [PreCompile/IncludeFiles Skipped (already included)]: C:\Users\sotok\Documents\Робочий Стіл\Estagio\Qlang\out\lib\base\regex.ql
LOG [PreCompile/IncludeFiles Path]: C:\Users\sotok\Documents\Робочий Стіл\Estagio\Qlang\out\lib\base\throw.ql
WARN [PreCompile/IncludeFiles Skipped (already included)]: C:\Users\sotok\Documents\Робочий Стіл\Estagio\Qlang\out\lib\base\throw.ql
LOG [PreCompile/IncludeFiles Path]: C:\Users\sotok\Documents\Робочий Стіл\Estagio\Qlang\out\lib\core
LOG [PreCompile/IncludeFiles Path]: C:\Users\sotok\Documents\Робочий Стіл\Estagio\Qlang\out\lib\core\array.ql
WARN [PreCompile/IncludeFiles Skipped (already included)]: C:\Users\sotok\Documents\Робочий Стіл\Estagio\Qlang\out\lib\core\array.ql
LOG [PreCompile/IncludeFiles Path]: C:\Users\sotok\Documents\Робочий Стіл\Estagio\Qlang\out\lib\core\dictionary.ql
WARN [PreCompile/IncludeFiles Skipped (already included)]: C:\Users\sotok\Documents\Робочий Стіл\Estagio\Qlang\out\lib\core\dictionary.ql
LOG [PreCompile/IncludeFiles Path]: C:\Users\sotok\Documents\Робочий Стіл\Estagio\Qlang\out\lib\core\number.ql
WARN [PreCompile/IncludeFiles Skipped (already included)]: C:\Users\sotok\Documents\Робочий Стіл\Estagio\Qlang\out\lib\core\number.ql
LOG [PreCompile/IncludeFiles Path]: C:\Users\sotok\Documents\Робочий Стіл\Estagio\Qlang\out\lib\core\object.ql
WARN [PreCompile/IncludeFiles Skipped (already included)]: C:\Users\sotok\Documents\Робочий Стіл\Estagio\Qlang\out\lib\core\object.ql
LOG [PreCompile/IncludeFiles Path]: C:\Users\sotok\Documents\Робочий Стіл\Estagio\Qlang\out\lib\core\string.ql
WARN [PreCompile/IncludeFiles Skipped (already included)]: C:\Users\sotok\Documents\Робочий Стіл\Estagio\Qlang\out\lib\core\string.ql
LOG [PreCompile/IncludeFiles Path]: C:\Users\sotok\Documents\Робочий Стіл\Estagio\Qlang\out\lib\base\datetime
LOG [PreCompile/IncludeFiles Path]: C:\Users\sotok\Documents\Робочий Стіл\Estagio\Qlang\out\lib\base\datetime\time.ql
LOG [PreCompile/IncludeFiles IncludeFiles]: File: C:\Users\sotok\Documents\Робочий Стіл\Estagio\Qlang\out\lib\base\datetime\time.ql
LOG [PreCompile/IncludeFiles include]: (include "$lib/core", 1)
LOG [PreCompile/IncludeFiles Path]: C:\Users\sotok\Documents\Робочий Стіл\Estagio\Qlang\out\lib\core
LOG [PreCompile/IncludeFiles Path]: C:\Users\sotok\Documents\Робочий Стіл\Estagio\Qlang\out\lib\core\array.ql
WARN [PreCompile/IncludeFiles Skipped (already included)]: C:\Users\sotok\Documents\Робочий Стіл\Estagio\Qlang\out\lib\core\array.ql
LOG [PreCompile/IncludeFiles Path]: C:\Users\sotok\Documents\Робочий Стіл\Estagio\Qlang\out\lib\core\dictionary.ql
WARN [PreCompile/IncludeFiles Skipped (already included)]: C:\Users\sotok\Documents\Робочий Стіл\Estagio\Qlang\out\lib\core\dictionary.ql
LOG [PreCompile/IncludeFiles Path]: C:\Users\sotok\Documents\Робочий Стіл\Estagio\Qlang\out\lib\core\number.ql
WARN [PreCompile/IncludeFiles Skipped (already included)]: C:\Users\sotok\Documents\Робочий Стіл\Estagio\Qlang\out\lib\core\number.ql
LOG [PreCompile/IncludeFiles Path]: C:\Users\sotok\Documents\Робочий Стіл\Estagio\Qlang\out\lib\core\object.ql
WARN [PreCompile/IncludeFiles Skipped (already included)]: C:\Users\sotok\Documents\Робочий Стіл\Estagio\Qlang\out\lib\core\object.ql
LOG [PreCompile/IncludeFiles Path]: C:\Users\sotok\Documents\Робочий Стіл\Estagio\Qlang\out\lib\core\string.ql
WARN [PreCompile/IncludeFiles Skipped (already included)]: C:\Users\sotok\Documents\Робочий Стіл\Estagio\Qlang\out\lib\core\string.ql
LOG [PreCompile/IncludeFiles Path]: C:\Users\sotok\Documents\Робочий Стіл\Estagio\Qlang\out\lib\base\math.ql
WARN [PreCompile/IncludeFiles Skipped (already included)]: C:\Users\sotok\Documents\Робочий Стіл\Estagio\Qlang\out\lib\base\math.ql
LOG [PreCompile/IncludeFiles Path]: C:\Users\sotok\Documents\Робочий Стіл\Estagio\Qlang\out\lib\base\parser.ql
WARN [PreCompile/IncludeFiles Skipped (already included)]: C:\Users\sotok\Documents\Робочий Стіл\Estagio\Qlang\out\lib\base\parser.ql
LOG [PreCompile/IncludeFiles Path]: C:\Users\sotok\Documents\Робочий Стіл\Estagio\Qlang\out\lib\base\regex.ql
WARN [PreCompile/IncludeFiles Skipped (already included)]: C:\Users\sotok\Documents\Робочий Стіл\Estagio\Qlang\out\lib\base\regex.ql
LOG [PreCompile/IncludeFiles Path]: C:\Users\sotok\Documents\Робочий Стіл\Estagio\Qlang\out\lib\base\throw.ql
WARN [PreCompile/IncludeFiles Skipped (already included)]: C:\Users\sotok\Documents\Робочий Стіл\Estagio\Qlang\out\lib\base\throw.ql
LOG [PreCompile/IncludeFiles Path]: C:\Users\sotok\Documents\Робочий Стіл\Estagio\Qlang\out\lib\core
LOG [PreCompile/IncludeFiles Path]: C:\Users\sotok\Documents\Робочий Стіл\Estagio\Qlang\out\lib\core\array.ql
WARN [PreCompile/IncludeFiles Skipped (already included)]: C:\Users\sotok\Documents\Робочий Стіл\Estagio\Qlang\out\lib\core\array.ql
LOG [PreCompile/IncludeFiles Path]: C:\Users\sotok\Documents\Робочий Стіл\Estagio\Qlang\out\lib\core\dictionary.ql
WARN [PreCompile/IncludeFiles Skipped (already included)]: C:\Users\sotok\Documents\Робочий Стіл\Estagio\Qlang\out\lib\core\dictionary.ql
LOG [PreCompile/IncludeFiles Path]: C:\Users\sotok\Documents\Робочий Стіл\Estagio\Qlang\out\lib\core\number.ql
WARN [PreCompile/IncludeFiles Skipped (already included)]: C:\Users\sotok\Documents\Робочий Стіл\Estagio\Qlang\out\lib\core\number.ql
LOG [PreCompile/IncludeFiles Path]: C:\Users\sotok\Documents\Робочий Стіл\Estagio\Qlang\out\lib\core\object.ql
WARN [PreCompile/IncludeFiles Skipped (already included)]: C:\Users\sotok\Documents\Робочий Стіл\Estagio\Qlang\out\lib\core\object.ql
LOG [PreCompile/IncludeFiles Path]: C:\Users\sotok\Documents\Робочий Стіл\Estagio\Qlang\out\lib\core\string.ql
WARN [PreCompile/IncludeFiles Skipped (already included)]: C:\Users\sotok\Documents\Робочий Стіл\Estagio\Qlang\out\lib\core\string.ql
LOG [PreCompile/IncludeFiles Path]: C:\Users\sotok\Documents\Робочий Стіл\Estagio\Qlang\out\lib\meta
LOG [PreCompile/IncludeFiles Path]: C:\Users\sotok\Documents\Робочий Стіл\Estagio\Qlang\out\lib\meta\Meta.ql
LOG [PreCompile/IncludeFiles IncludeFiles]: File: C:\Users\sotok\Documents\Робочий Стіл\Estagio\Qlang\out\lib\meta\Meta.ql
LOG [PreCompile/IncludeFiles include]: (include "$lib/meta", 1), (include "$lib/base", 2)
LOG [PreCompile/IncludeFiles Path]: C:\Users\sotok\Documents\Робочий Стіл\Estagio\Qlang\out\lib\meta
LOG [PreCompile/IncludeFiles Path]: C:\Users\sotok\Documents\Робочий Стіл\Estagio\Qlang\out\lib\meta\Meta.ql
WARN [PreCompile/IncludeFiles Skipped (already included)]: C:\Users\sotok\Documents\Робочий Стіл\Estagio\Qlang\out\lib\meta\Meta.ql
LOG [PreCompile/IncludeFiles Path]: C:\Users\sotok\Documents\Робочий Стіл\Estagio\Qlang\out\lib\base
LOG [PreCompile/IncludeFiles Path]: C:\Users\sotok\Documents\Робочий Стіл\Estagio\Qlang\out\lib\base\console.ql
WARN [PreCompile/IncludeFiles Skipped (already included)]: C:\Users\sotok\Documents\Робочий Стіл\Estagio\Qlang\out\lib\base\console.ql
LOG [PreCompile/IncludeFiles Path]: C:\Users\sotok\Documents\Робочий Стіл\Estagio\Qlang\out\lib\base\include.ql
WARN [PreCompile/IncludeFiles Skipped (already included)]: C:\Users\sotok\Documents\Робочий Стіл\Estagio\Qlang\out\lib\base\include.ql
LOG [PreCompile/IncludeFiles Path]: C:\Users\sotok\Documents\Робочий Стіл\Estagio\Qlang\out\lib\base\math.ql
WARN [PreCompile/IncludeFiles Skipped (already included)]: C:\Users\sotok\Documents\Робочий Стіл\Estagio\Qlang\out\lib\base\math.ql
LOG [PreCompile/IncludeFiles Path]: C:\Users\sotok\Documents\Робочий Стіл\Estagio\Qlang\out\lib\base\parser.ql
WARN [PreCompile/IncludeFiles Skipped (already included)]: C:\Users\sotok\Documents\Робочий Стіл\Estagio\Qlang\out\lib\base\parser.ql
LOG [PreCompile/IncludeFiles Path]: C:\Users\sotok\Documents\Робочий Стіл\Estagio\Qlang\out\lib\base\regex.ql
WARN [PreCompile/IncludeFiles Skipped (already included)]: C:\Users\sotok\Documents\Робочий Стіл\Estagio\Qlang\out\lib\base\regex.ql
LOG [PreCompile/IncludeFiles Path]: C:\Users\sotok\Documents\Робочий Стіл\Estagio\Qlang\out\lib\base\throw.ql
WARN [PreCompile/IncludeFiles Skipped (already included)]: C:\Users\sotok\Documents\Робочий Стіл\Estagio\Qlang\out\lib\base\throw.ql
LOG [PreCompile/IncludeFiles Path]: C:\Users\sotok\Documents\Робочий Стіл\Estagio\Qlang\out\lib\base\include.ql
WARN [Compiler/Compile Skipped (already included)]: C:\Users\sotok\Documents\Робочий Стіл\Estagio\Qlang\out\lib\base\include.ql
LOG [PreCompile/IncludeFiles Path]: C:\Users\sotok\Documents\Робочий Стіл\Estagio\Qlang\out\lib\base\math.ql
WARN [Compiler/Compile Skipped (already included)]: C:\Users\sotok\Documents\Робочий Стіл\Estagio\Qlang\out\lib\base\math.ql
LOG [PreCompile/IncludeFiles Path]: C:\Users\sotok\Documents\Робочий Стіл\Estagio\Qlang\out\lib\base\parser.ql
WARN [Compiler/Compile Skipped (already included)]: C:\Users\sotok\Documents\Робочий Стіл\Estagio\Qlang\out\lib\base\parser.ql
LOG [PreCompile/IncludeFiles Path]: C:\Users\sotok\Documents\Робочий Стіл\Estagio\Qlang\out\lib\base\regex.ql
WARN [Compiler/Compile Skipped (already included)]: C:\Users\sotok\Documents\Робочий Стіл\Estagio\Qlang\out\lib\base\regex.ql
LOG [PreCompile/IncludeFiles Path]: C:\Users\sotok\Documents\Робочий Стіл\Estagio\Qlang\out\lib\base\throw.ql
WARN [Compiler/Compile Skipped (already included)]: C:\Users\sotok\Documents\Робочий Стіл\Estagio\Qlang\out\lib\base\throw.ql
SUCC [QLang/Compile]: All includes processed successfully.
LOG [Compiler/Compile]: Include Native Files
LOG [PreCompile/IncludeNativeFolders IncludeNativeFolders]: Folder: C:\Users\sotok\Documents\Робочий Стіл\Estagio\Qlang\out\projectexample\main.ql
SUCC [QLang/Compile]: All native includes processed successfully.
SUCC [Compiler/Compile]: Clear Comments
LOG [<>c/<ClearComments>b__7_0]: comment='// Class to make string operations'
LOG [<>c/<ClearComments>b__7_0]: comment='// overriding functions '
LOG [<>c/<ClearComments>b__7_0]: comment='// Parse object to String'
LOG [<>c/<ClearComments>b__7_0]: comment='// Parse additional operations'
LOG [<>c/<ClearComments>b__7_0]: comment='// Parse multiplication operations'
LOG [<>c/<ClearComments>b__7_0]: comment='// Parse division operations'
LOG [<>c/<ClearComments>b__7_0]: comment='// Parse '==' operations'
LOG [<>c/<ClearComments>b__7_0]: comment='// Parse '!=' operations'
LOG [<>c/<ClearComments>b__7_0]: comment='// Parse '>=' operations'
LOG [<>c/<ClearComments>b__7_0]: comment='// Parse '<=' operations'
LOG [<>c/<ClearComments>b__7_0]: comment='// Parse '>' operations'
LOG [<>c/<ClearComments>b__7_0]: comment='// Parse '<' operations'
LOG [<>c/<ClearComments>b__7_0]: comment='// Append two strings'
LOG [<>c/<ClearComments>b__7_0]: comment='// Get length of string'
LOG [<>c/<ClearComments>b__7_0]: comment='// Check if string is empty or null'
LOG [<>c/<ClearComments>b__7_0]: comment='// Check if string is white space or null'
LOG [<>c/<ClearComments>b__7_0]: comment='// Trim string'
LOG [<>c/<ClearComments>b__7_0]: comment='// Trim start string'
LOG [<>c/<ClearComments>b__7_0]: comment='// Trim end string'
LOG [<>c/<ClearComments>b__7_0]: comment='// Cut string by 'startPos' and 'length''
LOG [<>c/<ClearComments>b__7_0]: comment='// Full static class'
LOG [<>c/<ClearComments>b__7_0]: comment='// Class to make operations with numbers'
LOG [<>c/<ClearComments>b__7_0]: comment='// used string because of number structure with E+'
LOG [<>c/<ClearComments>b__7_0]: comment='// check if 'var' is numbers'
LOG [<>c/<ClearComments>b__7_0]: comment='// get random number with range 'min' to 'max''
LOG [<>c/<ClearComments>b__7_0]: comment='// Convert '3.42...' to '3''
LOG [<>c/<ClearComments>b__7_0]: comment='// Get int styled number ('3.421' to '3')'
LOG [<>c/<ClearComments>b__7_0]: comment='// Change numeric style (ex.: '3.214' to '3.2' with pattern '0.0')'
LOG [<>c/<ClearComments>b__7_0]: comment='// Dynamic array'
LOG [<>c/<ClearComments>b__7_0]: comment='// Create empty array'
LOG [<>c/<ClearComments>b__7_0]: comment='// Add element'
LOG [<>c/<ClearComments>b__7_0]: comment='// Clear array'
LOG [<>c/<ClearComments>b__7_0]: comment='// Get at index'
LOG [<>c/<ClearComments>b__7_0]: comment='// Set at index'
LOG [<>c/<ClearComments>b__7_0]: comment='// Remove at index'
LOG [<>c/<ClearComments>b__7_0]: comment='// Get index of item'
LOG [<>c/<ClearComments>b__7_0]: comment='// Get length'
LOG [<>c/<ClearComments>b__7_0]: comment='// Class to throw exceptions'
LOG [<>c/<ClearComments>b__7_0]: comment='// Throw default exception'
LOG [<>c/<ClearComments>b__7_0]: comment='// Thow exception if function is not implement'
LOG [<>c/<ClearComments>b__7_0]: comment='// Thow exception when parse error'
LOG [<>c/<ClearComments>b__7_0]: comment='// Thow exception when object is null'
LOG [<>c/<ClearComments>b__7_0]: comment='// TODO: create on compiler part'
LOG [<>c/<ClearComments>b__7_0]: comment='// function match(let input, let pattern): {'
LOG [<>c/<ClearComments>b__7_0]: comment='//     return _native("lib.regex.match", input, pattern);'
LOG [<>c/<ClearComments>b__7_0]: comment='// }'
LOG [<>c/<ClearComments>b__7_0]: comment='// Class to make operations with console'
LOG [<>c/<ClearComments>b__7_0]: comment='// Print text to console'
LOG [<>c/<ClearComments>b__7_0]: comment='// Print text to console with new line'
LOG [<>c/<ClearComments>b__7_0]: comment='// Print Verbatim text to console'
LOG [<>c/<ClearComments>b__7_0]: comment='// Print Verbatim text to console with new line'
LOG [<>c/<ClearComments>b__7_0]: comment='// Read line from console'
LOG [<>c/<ClearComments>b__7_0]: comment='// Clear console'
LOG [<>c/<ClearComments>b__7_0]: comment='// Set cursor position in console'
LOG [<>c/<ClearComments>b__7_0]: comment='// Set foreground color for console'
LOG [<>c/<ClearComments>b__7_0]: comment='// Set background color for console'
LOG [<>c/<ClearComments>b__7_0]: comment='// Set default colors for console'
LOG [<>c/<ClearComments>b__7_0]: comment='// system::out();'
LOG [<>c/<ClearComments>b__7_0]: comment='// system::Console.WriteLine(system::Console2);'
SUCC [Compiler/Compile]: Comments cleared successfully
LOG [PreCompile/ExtractStrings]: Extract Strings
LOG [<>c__DisplayClass5_0/<ExtractStrings>b__0]: key='___STRING_0___', value='C:\Users\sotok\Documents\Робочий Стіл\Estagio\Qlang\out\lib\core\string.ql'
LOG [<>c__DisplayClass5_0/<ExtractStrings>b__0]: key='___STRING_1___', value=''
LOG [<>c__DisplayClass5_0/<ExtractStrings>b__0]: key='___STRING_2___', value='\0'
LOG [<>c__DisplayClass5_0/<ExtractStrings>b__0]: key='___STRING_3___', value=''
LOG [<>c__DisplayClass5_0/<ExtractStrings>b__0]: key='___STRING_4___', value=''
LOG [<>c__DisplayClass5_0/<ExtractStrings>b__0]: key='___STRING_5___', value='Param 'count' must be number'
LOG [<>c__DisplayClass5_0/<ExtractStrings>b__0]: key='___STRING_6___', value='Param 'count' must be more than 0'
LOG [<>c__DisplayClass5_0/<ExtractStrings>b__0]: key='___STRING_7___', value='Length of string must be more than 0'
LOG [<>c__DisplayClass5_0/<ExtractStrings>b__0]: key='___STRING_8___', value='lib.string.create'
LOG [<>c__DisplayClass5_0/<ExtractStrings>b__0]: key='___STRING_9___', value='Object is null'
LOG [<>c__DisplayClass5_0/<ExtractStrings>b__0]: key='___STRING_10___', value='Object is not string or primitive'
LOG [<>c__DisplayClass5_0/<ExtractStrings>b__0]: key='___STRING_11___', value='argument is not collection'
LOG [<>c__DisplayClass5_0/<ExtractStrings>b__0]: key='___STRING_12___', value='argument is not array'
LOG [<>c__DisplayClass5_0/<ExtractStrings>b__0]: key='___STRING_13___', value=''
LOG [<>c__DisplayClass5_0/<ExtractStrings>b__0]: key='___STRING_14___', value='lib.string.to_lower'
LOG [<>c__DisplayClass5_0/<ExtractStrings>b__0]: key='___STRING_15___', value='lib.string.to_upper'
LOG [<>c__DisplayClass5_0/<ExtractStrings>b__0]: key='___STRING_16___', value='lib.string.is_str'
LOG [<>c__DisplayClass5_0/<ExtractStrings>b__0]: key='___STRING_17___', value='lib.string.is_primitive'
LOG [<>c__DisplayClass5_0/<ExtractStrings>b__0]: key='___STRING_18___', value='lib.string.split'
LOG [<>c__DisplayClass5_0/<ExtractStrings>b__0]: key='___STRING_19___', value='The index must be less than the length of the string.'
LOG [<>c__DisplayClass5_0/<ExtractStrings>b__0]: key='___STRING_20___', value='lib.string.at'
LOG [<>c__DisplayClass5_0/<ExtractStrings>b__0]: key='___STRING_21___', value='The index must be less than the length of the string.'
LOG [<>c__DisplayClass5_0/<ExtractStrings>b__0]: key='___STRING_22___', value='lib.string.set_at'
LOG [<>c__DisplayClass5_0/<ExtractStrings>b__0]: key='___STRING_23___', value='argument is not collection or array'
LOG [<>c__DisplayClass5_0/<ExtractStrings>b__0]: key='___STRING_24___', value='lib.string.join'
LOG [<>c__DisplayClass5_0/<ExtractStrings>b__0]: key='___STRING_25___', value='lib.string.length'
LOG [<>c__DisplayClass5_0/<ExtractStrings>b__0]: key='___STRING_26___', value='Param must be string class or primitive'
LOG [<>c__DisplayClass5_0/<ExtractStrings>b__0]: key='___STRING_27___', value='lib.string.is_null_or_empty'
LOG [<>c__DisplayClass5_0/<ExtractStrings>b__0]: key='___STRING_28___', value='Param must be string class or primitive'
LOG [<>c__DisplayClass5_0/<ExtractStrings>b__0]: key='___STRING_29___', value='lib.string.is_null_or_whitespace'
LOG [<>c__DisplayClass5_0/<ExtractStrings>b__0]: key='___STRING_30___', value='lib.string.trim'
LOG [<>c__DisplayClass5_0/<ExtractStrings>b__0]: key='___STRING_31___', value='lib.string.trim_start'
LOG [<>c__DisplayClass5_0/<ExtractStrings>b__0]: key='___STRING_32___', value='lib.string.trim_end'
LOG [<>c__DisplayClass5_0/<ExtractStrings>b__0]: key='___STRING_33___', value='subString error: startPos must be number'
LOG [<>c__DisplayClass5_0/<ExtractStrings>b__0]: key='___STRING_34___', value='subString error: length must be number'
LOG [<>c__DisplayClass5_0/<ExtractStrings>b__0]: key='___STRING_35___', value='Value 'length' can't be more than string length'
LOG [<>c__DisplayClass5_0/<ExtractStrings>b__0]: key='___STRING_36___', value='lib.string.substring'
LOG [<>c__DisplayClass5_0/<ExtractStrings>b__0]: key='___STRING_37___', value='C:\Users\sotok\Documents\Робочий Стіл\Estagio\Qlang\out\lib\core\object.ql'
LOG [<>c__DisplayClass5_0/<ExtractStrings>b__0]: key='___STRING_38___', value='lib.object.is_null'
LOG [<>c__DisplayClass5_0/<ExtractStrings>b__0]: key='___STRING_39___', value='lib.object.is_simplify'
LOG [<>c__DisplayClass5_0/<ExtractStrings>b__0]: key='___STRING_40___', value='lib.string.to_string'
LOG [<>c__DisplayClass5_0/<ExtractStrings>b__0]: key='___STRING_41___', value='C:\Users\sotok\Documents\Робочий Стіл\Estagio\Qlang\out\lib\core\number.ql'
LOG [<>c__DisplayClass5_0/<ExtractStrings>b__0]: key='___STRING_42___', value='-1.7976931348623157E+308'
LOG [<>c__DisplayClass5_0/<ExtractStrings>b__0]: key='___STRING_43___', value='1.7976931348623157E+308'
LOG [<>c__DisplayClass5_0/<ExtractStrings>b__0]: key='___STRING_44___', value='lib.number.try_parse'
LOG [<>c__DisplayClass5_0/<ExtractStrings>b__0]: key='___STRING_45___', value='One or two input is not a number'
LOG [<>c__DisplayClass5_0/<ExtractStrings>b__0]: key='___STRING_46___', value='Minimum can't be more than maximum'
LOG [<>c__DisplayClass5_0/<ExtractStrings>b__0]: key='___STRING_47___', value='lib.number.random'
LOG [<>c__DisplayClass5_0/<ExtractStrings>b__0]: key='___STRING_48___', value='0'
LOG [<>c__DisplayClass5_0/<ExtractStrings>b__0]: key='___STRING_49___', value='lib.number.to_string'
LOG [<>c__DisplayClass5_0/<ExtractStrings>b__0]: key='___STRING_50___', value='C:\Users\sotok\Documents\Робочий Стіл\Estagio\Qlang\out\lib\core\dictionary.ql'
LOG [<>c__DisplayClass5_0/<ExtractStrings>b__0]: key='___STRING_51___', value='Key is not existent in dictionary'
LOG [<>c__DisplayClass5_0/<ExtractStrings>b__0]: key='___STRING_52___', value='C:\Users\sotok\Documents\Робочий Стіл\Estagio\Qlang\out\lib\core\array.ql'
LOG [<>c__DisplayClass5_0/<ExtractStrings>b__0]: key='___STRING_53___', value='['
LOG [<>c__DisplayClass5_0/<ExtractStrings>b__0]: key='___STRING_54___', value='''
LOG [<>c__DisplayClass5_0/<ExtractStrings>b__0]: key='___STRING_55___', value='','
LOG [<>c__DisplayClass5_0/<ExtractStrings>b__0]: key='___STRING_56___', value=']'
LOG [<>c__DisplayClass5_0/<ExtractStrings>b__0]: key='___STRING_57___', value='[]'
LOG [<>c__DisplayClass5_0/<ExtractStrings>b__0]: key='___STRING_58___', value='lib.array.is_array'
LOG [<>c__DisplayClass5_0/<ExtractStrings>b__0]: key='___STRING_59___', value='lib.array.is'
LOG [<>c__DisplayClass5_0/<ExtractStrings>b__0]: key='___STRING_60___', value='lib.array.contains'
LOG [<>c__DisplayClass5_0/<ExtractStrings>b__0]: key='___STRING_61___', value='lib.array.add'
LOG [<>c__DisplayClass5_0/<ExtractStrings>b__0]: key='___STRING_62___', value='lib.array.create'
LOG [<>c__DisplayClass5_0/<ExtractStrings>b__0]: key='___STRING_63___', value='lib.array.get'
LOG [<>c__DisplayClass5_0/<ExtractStrings>b__0]: key='___STRING_64___', value='lib.array.set'
LOG [<>c__DisplayClass5_0/<ExtractStrings>b__0]: key='___STRING_65___', value='lib.array.insert'
LOG [<>c__DisplayClass5_0/<ExtractStrings>b__0]: key='___STRING_66___', value='lib.array.remove_at'
LOG [<>c__DisplayClass5_0/<ExtractStrings>b__0]: key='___STRING_67___', value='lib.array.index_of'
LOG [<>c__DisplayClass5_0/<ExtractStrings>b__0]: key='___STRING_68___', value='lib.array.count'
LOG [<>c__DisplayClass5_0/<ExtractStrings>b__0]: key='___STRING_69___', value='C:\Users\sotok\Documents\Робочий Стіл\Estagio\Qlang\out\lib\base\throw.ql'
LOG [<>c__DisplayClass5_0/<ExtractStrings>b__0]: key='___STRING_70___', value='lib.exception.throw'
LOG [<>c__DisplayClass5_0/<ExtractStrings>b__0]: key='___STRING_71___', value='This function or object is not implement'
LOG [<>c__DisplayClass5_0/<ExtractStrings>b__0]: key='___STRING_72___', value='Parse error: '
LOG [<>c__DisplayClass5_0/<ExtractStrings>b__0]: key='___STRING_73___', value='Object is null'
LOG [<>c__DisplayClass5_0/<ExtractStrings>b__0]: key='___STRING_74___', value='C:\Users\sotok\Documents\Робочий Стіл\Estagio\Qlang\out\lib\base\regex.ql'
LOG [<>c__DisplayClass5_0/<ExtractStrings>b__0]: key='___STRING_75___', value=''
LOG [<>c__DisplayClass5_0/<ExtractStrings>b__0]: key='___STRING_76___', value='lib.regex.replace'
LOG [<>c__DisplayClass5_0/<ExtractStrings>b__0]: key='___STRING_77___', value='C:\Users\sotok\Documents\Робочий Стіл\Estagio\Qlang\out\lib\base\parser.ql'
LOG [<>c__DisplayClass5_0/<ExtractStrings>b__0]: key='___STRING_78___', value='lib.parser.int'
LOG [<>c__DisplayClass5_0/<ExtractStrings>b__0]: key='___STRING_79___', value='lib.parser.float'
LOG [<>c__DisplayClass5_0/<ExtractStrings>b__0]: key='___STRING_80___', value='lib.parser.string'
LOG [<>c__DisplayClass5_0/<ExtractStrings>b__0]: key='___STRING_81___', value='lib.parser.number'
LOG [<>c__DisplayClass5_0/<ExtractStrings>b__0]: key='___STRING_82___', value='C:\Users\sotok\Documents\Робочий Стіл\Estagio\Qlang\out\lib\base\math.ql'
LOG [<>c__DisplayClass5_0/<ExtractStrings>b__0]: key='___STRING_83___', value='C:\Users\sotok\Documents\Робочий Стіл\Estagio\Qlang\out\lib\base\vectors\vector2.ql'
LOG [<>c__DisplayClass5_0/<ExtractStrings>b__0]: key='___STRING_84___', value='X: '
LOG [<>c__DisplayClass5_0/<ExtractStrings>b__0]: key='___STRING_85___', value=', Y: '
LOG [<>c__DisplayClass5_0/<ExtractStrings>b__0]: key='___STRING_86___', value='C:\Users\sotok\Documents\Робочий Стіл\Estagio\Qlang\out\lib\base\datetime\time.ql'
LOG [<>c__DisplayClass5_0/<ExtractStrings>b__0]: key='___STRING_87___', value='argument 'milliseconds' is not a number'
LOG [<>c__DisplayClass5_0/<ExtractStrings>b__0]: key='___STRING_88___', value='lib.datetime.wait'
LOG [<>c__DisplayClass5_0/<ExtractStrings>b__0]: key='___STRING_89___', value='C:\Users\sotok\Documents\Робочий Стіл\Estagio\Qlang\out\lib\base\include.ql'
LOG [<>c__DisplayClass5_0/<ExtractStrings>b__0]: key='___STRING_90___', value='C:\Users\sotok\Documents\Робочий Стіл\Estagio\Qlang\out\lib\meta\Meta.ql'
LOG [<>c__DisplayClass5_0/<ExtractStrings>b__0]: key='___STRING_91___', value='lib.meta.is_dynamic_class'
LOG [<>c__DisplayClass5_0/<ExtractStrings>b__0]: key='___STRING_92___', value='Object is not a class'
LOG [<>c__DisplayClass5_0/<ExtractStrings>b__0]: key='___STRING_93___', value='lib.meta.get_method_list_of'
LOG [<>c__DisplayClass5_0/<ExtractStrings>b__0]: key='___STRING_94___', value='Object is not a class'
LOG [<>c__DisplayClass5_0/<ExtractStrings>b__0]: key='___STRING_95___', value='lib.meta.get_variable_list_of'
LOG [<>c__DisplayClass5_0/<ExtractStrings>b__0]: key='___STRING_96___', value='Object is not a class'
LOG [<>c__DisplayClass5_0/<ExtractStrings>b__0]: key='___STRING_97___', value='lib.meta.get_info_of'
LOG [<>c__DisplayClass5_0/<ExtractStrings>b__0]: key='___STRING_98___', value='C:\Users\sotok\Documents\Робочий Стіл\Estagio\Qlang\out\lib\base\console.ql'
LOG [<>c__DisplayClass5_0/<ExtractStrings>b__0]: key='___STRING_99___', value='null'
LOG [<>c__DisplayClass5_0/<ExtractStrings>b__0]: key='___STRING_100___', value='toString'
LOG [<>c__DisplayClass5_0/<ExtractStrings>b__0]: key='___STRING_101___', value='lib.console.write'
LOG [<>c__DisplayClass5_0/<ExtractStrings>b__0]: key='___STRING_102___', value=''
LOG [<>c__DisplayClass5_0/<ExtractStrings>b__0]: key='___STRING_103___', value='lib.console.write'
LOG [<>c__DisplayClass5_0/<ExtractStrings>b__0]: key='___STRING_104___', value='Povid'
LOG [<>c__DisplayClass5_0/<ExtractStrings>b__0]: key='___STRING_105___', value='lib.console.write'
LOG [<>c__DisplayClass5_0/<ExtractStrings>b__0]: key='___STRING_106___', value='\n'
LOG [<>c__DisplayClass5_0/<ExtractStrings>b__0]: key='___STRING_107___', value='lib.console.write'
LOG [<>c__DisplayClass5_0/<ExtractStrings>b__0]: key='___STRING_108___', value=''
LOG [<>c__DisplayClass5_0/<ExtractStrings>b__0]: key='___STRING_109___', value='lib.console.write'
LOG [<>c__DisplayClass5_0/<ExtractStrings>b__0]: key='___STRING_110___', value='\n'
LOG [<>c__DisplayClass5_0/<ExtractStrings>b__0]: key='___STRING_111___', value='lib.console.read'
LOG [<>c__DisplayClass5_0/<ExtractStrings>b__0]: key='___STRING_112___', value='lib.console.key'
LOG [<>c__DisplayClass5_0/<ExtractStrings>b__0]: key='___STRING_113___', value='lib.console.key_available'
LOG [<>c__DisplayClass5_0/<ExtractStrings>b__0]: key='___STRING_114___', value='lib.console.cursor_visible'
LOG [<>c__DisplayClass5_0/<ExtractStrings>b__0]: key='___STRING_115___', value='lib.console.clear'
LOG [<>c__DisplayClass5_0/<ExtractStrings>b__0]: key='___STRING_116___', value='lib.console.cursor_position'
LOG [<>c__DisplayClass5_0/<ExtractStrings>b__0]: key='___STRING_117___', value='lib.console.foreground'
LOG [<>c__DisplayClass5_0/<ExtractStrings>b__0]: key='___STRING_118___', value='lib.console.background'
LOG [<>c__DisplayClass5_0/<ExtractStrings>b__0]: key='___STRING_119___', value='lib.console.reset_color'
LOG [<>c__DisplayClass5_0/<ExtractStrings>b__0]: key='___STRING_120___', value='lib.console.width'
LOG [<>c__DisplayClass5_0/<ExtractStrings>b__0]: key='___STRING_121___', value='lib.console.height'
LOG [<>c__DisplayClass5_0/<ExtractStrings>b__0]: key='___STRING_122___', value='C:\Users\sotok\Documents\Робочий Стіл\Estagio\Qlang\out\projectexample\main.ql'
LOG [<>c__DisplayClass5_0/<ExtractStrings>b__0]: key='___STRING_123___', value='Hello, World!'
LOG [<>c__DisplayClass5_0/<ExtractStrings>b__0]: key='___STRING_124___', value='Output from system namespace'
LOG [<>c__DisplayClass5_0/<ExtractStrings>b__0]: key='___STRING_125___', value='Doing something!'
LOG [<>c__DisplayClass5_0/<ExtractStrings>b__0]: key='___STRING_126___', value='Hello, World!'
SUCC [Compiler/Compile]: Strings extracted successfully
WARN [Compiler/Compile]: Extract Numbers
WARN [<>c/<Replace>b__99_0]: key='___NUMBER_0___', value='0'
WARN [<>c/<Replace>b__99_0]: key='___NUMBER_1___', value='1'
WARN [<>c/<Replace>b__99_0]: key='___NUMBER_2___', value='0'
WARN [<>c/<Replace>b__99_0]: key='___NUMBER_3___', value='1'
WARN [<>c/<Replace>b__99_0]: key='___NUMBER_4___', value='0'
WARN [<>c/<Replace>b__99_0]: key='___NUMBER_5___', value='0'
WARN [<>c/<Replace>b__99_0]: key='___NUMBER_6___', value='0'
WARN [<>c/<Replace>b__99_0]: key='___NUMBER_7___', value='1'
WARN [<>c/<Replace>b__99_0]: key='___NUMBER_8___', value='0'
WARN [<>c/<Replace>b__99_0]: key='___NUMBER_9___', value='0'
WARN [<>c/<Replace>b__99_0]: key='___NUMBER_10___', value='1'
WARN [<>c/<Replace>b__99_0]: key='___NUMBER_11___', value='0'
WARN [<>c/<Replace>b__99_0]: key='___NUMBER_12___', value='1'
WARN [<>c/<Replace>b__99_0]: key='___NUMBER_13___', value='0'
WARN [Compiler/Compile]: Numbers extracted successfully
LOG [PreCompile/ReturnFileStrings]: Return File Strings
SUCC [Compiler/Compile]: Strings file returned successfully
